<?xml version="1.0" encoding="UTF-8"?>
<testng-results skipped="0" failed="0" total="1" passed="1">
  <reporter-output>
  </reporter-output>
  <suite name="Default suite" duration-ms="5036" started-at="2016-11-09T07:56:15Z" finished-at="2016-11-09T07:56:20Z">
    <groups>
    </groups>
    <test name="Default test" duration-ms="5036" started-at="2016-11-09T07:56:15Z" finished-at="2016-11-09T07:56:20Z">
      <class name="Constant.TestData">
        <test-method status="PASS" signature="browser()[pri:0, instance:Constant.TestData@42d80b78]" name="browser" is-config="true" duration-ms="4492" started-at="2016-11-09T13:26:15Z" finished-at="2016-11-09T13:26:20Z">
          <reporter-output>
          </reporter-output>
        </test-method> <!-- browser -->
        <test-method status="PASS" signature="rwExcle()[pri:0, instance:Constant.TestData@42d80b78]" name="rwExcle" duration-ms="446" started-at="2016-11-09T13:26:20Z" finished-at="2016-11-09T13:26:20Z">
          <reporter-output>
          </reporter-output>
        </test-method> <!-- rwExcle -->
        <test-method status="PASS" signature="writeExcle()[pri:0, instance:Constant.TestData@42d80b78]" name="writeExcle" is-config="true" duration-ms="86" started-at="2016-11-09T13:26:20Z" finished-at="2016-11-09T13:26:20Z">
          <reporter-output>
          </reporter-output>
        </test-method> <!-- writeExcle -->
      </class> <!-- Constant.TestData -->
    </test> <!-- Default test -->
  </suite> <!-- Default suite -->
</testng-results>
